<?xml version="1.0" encoding="UTF-8"?>
<!-- Generated by org.testng.reporters.JUnitXMLReporter -->
<testsuite ignored="2" hostname="RISHI" failures="0" tests="3" name="Test" time="14.465" errors="0" timestamp="2024-05-27T10:00:20 IST">
  <testcase classname="PackageForTestSuite.NewTest5" name="a" time="7.346"/>
  <testcase classname="PackageForTestSuite.NewTest3" name="a" time="3.585"/>
  <testcase classname="PackageForTestSuite.NewTest4" name="a" time="3.456"/>
  <testcase classname="PackageForTestSuite.NewTest1" name="a" time="0.0">
    <ignored/>
  </testcase> <!-- a -->
  <testcase classname="PackageForTestSuite.NewTest2" name="a" time="0.0">
    <ignored/>
  </testcase> <!-- a -->
</testsuite> <!-- Test -->
