<?xml version="1.0" encoding="UTF-8"?>
<testng-results ignored="0" total="2" passed="2" failed="0" skipped="0">
  <reporter-output>
  </reporter-output>
  <suite started-at="2024-06-17T09:26:19 IST" name="Default suite" finished-at="2024-06-17T09:26:26 IST" duration-ms="7285">
    <groups>
    </groups>
    <test started-at="2024-06-17T09:26:19 IST" name="Default test" finished-at="2024-06-17T09:26:26 IST" duration-ms="7285">
      <class name="POMTestScripts.GoogleTestScript">
        <test-method is-config="true" signature="Precondition()[pri:0, instance:POMTestScripts.GoogleTestScript@3c77d488]" started-at="2024-06-17T09:26:19 IST" name="Precondition" finished-at="2024-06-17T09:26:24 IST" duration-ms="4968" status="PASS">
          <reporter-output>
          </reporter-output>
        </test-method> <!-- Precondition -->
        <test-method signature="TestSuggestionsvalue()[pri:2, instance:POMTestScripts.GoogleTestScript@3c77d488]" started-at="2024-06-17T09:26:24 IST" name="TestSuggestionsvalue" finished-at="2024-06-17T09:26:25 IST" duration-ms="542" status="PASS">
          <reporter-output>
          </reporter-output>
        </test-method> <!-- TestSuggestionsvalue -->
        <test-method signature="TestSuggestionsSelection()[pri:3, instance:POMTestScripts.GoogleTestScript@3c77d488]" started-at="2024-06-17T09:26:25 IST" name="TestSuggestionsSelection" finished-at="2024-06-17T09:26:26 IST" duration-ms="1707" status="PASS">
          <reporter-output>
          </reporter-output>
        </test-method> <!-- TestSuggestionsSelection -->
      </class> <!-- POMTestScripts.GoogleTestScript -->
    </test> <!-- Default test -->
  </suite> <!-- Default suite -->
</testng-results>
